<?xml version="1.0" encoding="utf-8"?><testsuites name="pytest tests"><testsuite name="pytest" errors="0" failures="0" skipped="3" tests="21" time="1.564" timestamp="2026-01-27T00:49:07.035345+00:00" hostname="runnervmymu0l"><testcase classname="tests.test_00_contract_cli" name="test_cli_help_has_core_contract" time="0.040" /><testcase classname="tests.test_00_contract_cli" name="test_cli_tau_flag_contract_is_non_ambiguous" time="0.039" /><testcase classname="tests.test_00_contract_cli" name="test_cli_bottleneck_documented_if_supported" time="0.039" /><testcase classname="tests.test_00_contract_cli" name="test_tau_aliases" time="0.041" /><testcase classname="tests.test_00_contract_cli" name="test_cli_accepts_arguments" time="0.038" /><testcase classname="tests.test_00_contract_cli" name="test_cli_required_flags_behavior" time="0.079" /><testcase classname="tests.test_00_contract_cli" name="test_cli_basic_contract_required_flags" time="0.039" /><testcase classname="tests.test_01_sanity" name="test_help" time="0.039" /><testcase classname="tests.test_01_sanity" name="test_new_template_and_score_ok" time="0.075" /><testcase classname="tests.test_01_sanity" name="test_reject_score_out_of_range[4]" time="0.076" /><testcase classname="tests.test_01_sanity" name="test_reject_score_out_of_range[-1]" time="0.075" /><testcase classname="tests.test_01_sanity" name="test_reject_score_out_of_range[999]" time="0.075" /><testcase classname="tests.test_01_sanity" name="test_reject_float_score" time="0.075" /><testcase classname="tests.test_01_sanity" name="test_reject_missing_dimension_key" time="0.075" /><testcase classname="tests.test_02_properties" name="test_monotonicity_local" time="0.262" /><testcase classname="tests.test_03_robustness" name="test_zone_robustness" time="0.038"><skipped type="pytest.skip" message="PHIO_ROBUSTNESS_INPUT non fourni : test de robustesse optionnel">/home/runner/work/PhiO/PhiO/tests/test_03_robustness.py:41: PHIO_ROBUSTNESS_INPUT non fourni : test de robustesse optionnel</skipped></testcase><testcase classname="tests.test_04_aggregation" name="test_bottleneck_dominance_if_supported" time="0.152" /><testcase classname="tests.test_05_traceability" name="test_traceability_cases_optional" time="0.001"><skipped type="pytest.skip" message="aucun cas de traçabilité fourni">/home/runner/work/PhiO/PhiO/tests/test_05_traceability.py:12: aucun cas de traçabilité fourni</skipped></testcase><testcase classname="tests.test_06_golden_formula" name="test_golden_formula_if_singletons" time="0.076" /><testcase classname="tests.test_07_consistency" name="test_dimension_scores_consistency_singletons" time="0.150" /><testcase classname="tests.test_08_zone_thresholds" name="test_zone_thresholds_extractable_or_explicitly_absent" time="0.001"><skipped type="pytest.xfail" message="Seuils de zone non extractibles via heuristique AST (contrat non explicité)." /></testcase></testsuite></testsuites>